2025-11-05 04:03:13,357 INFO API starting
2025-11-05 19:48:36,850 INFO API starting
2025-11-05 21:40:05,356 INFO API starting
2025-11-06 20:59:36,173 INFO API starting
2025-11-06 21:00:41,459 INFO API starting
2025-11-06 21:19:23,310 INFO API starting
2025-11-06 21:22:26,649 INFO API starting
2025-11-06 21:22:26,650 INFO API starting
2025-11-06 21:22:26,674 INFO [31m[1mWARNING: This is a development server. Do not use it in a production deployment. Use a production WSGI server instead.[0m
 * Running on http://127.0.0.1:5000
2025-11-06 21:22:26,675 INFO [33mPress CTRL+C to quit[0m
2025-11-06 21:22:58,239 ERROR Exception on / [GET]
Traceback (most recent call last):
  File "C:\Users\user\AppData\Roaming\Python\Python314\site-packages\flask\app.py", line 1511, in wsgi_app
    response = self.full_dispatch_request()
  File "C:\Users\user\AppData\Roaming\Python\Python314\site-packages\flask\app.py", line 919, in full_dispatch_request
    rv = self.handle_user_exception(e)
  File "C:\Users\user\AppData\Roaming\Python\Python314\site-packages\flask\app.py", line 917, in full_dispatch_request
    rv = self.dispatch_request()
  File "C:\Users\user\AppData\Roaming\Python\Python314\site-packages\flask\app.py", line 902, in dispatch_request
    return self.ensure_sync(self.view_functions[rule.endpoint])(**view_args)  # type: ignore[no-any-return]
           ~~~~~~~~~~~~~~~~~~~~~~~~~~~~~~~~~~~~~~~~~~~~~~~~~~~~^^^^^^^^^^^^^
  File "c:\Users\user\Documents\Alphonce_Training\03-Advanced\02-Python\api_db.py", line 127, in dashboard
    return render_template("contacts.html", rows=rows)
  File "C:\Users\user\AppData\Roaming\Python\Python314\site-packages\flask\templating.py", line 150, in render_template
    return _render(app, template, context)
  File "C:\Users\user\AppData\Roaming\Python\Python314\site-packages\flask\templating.py", line 131, in _render
    rv = template.render(context)
  File "C:\Users\user\AppData\Roaming\Python\Python314\site-packages\jinja2\environment.py", line 1295, in render
    self.environment.handle_exception()
    ~~~~~~~~~~~~~~~~~~~~~~~~~~~~~~~~~^^
  File "C:\Users\user\AppData\Roaming\Python\Python314\site-packages\jinja2\environment.py", line 942, in handle_exception
    raise rewrite_traceback_stack(source=source)
  File "c:\Users\user\Documents\Alphonce_Training\03-Advanced\02-Python\templates\contacts.html", line 7, in top-level template code
    {% for r in rows %}
    ^^^^^^^^^^^^^
TypeError: 'builtin_function_or_method' object is not iterable
2025-11-06 21:22:58,248 INFO 127.0.0.1 - - [06/Nov/2025 21:22:58] "[35m[1mGET / HTTP/1.1[0m" 500 -
2025-11-06 21:22:58,484 INFO 127.0.0.1 - - [06/Nov/2025 21:22:58] "[33mGET /favicon.ico HTTP/1.1[0m" 404 -
2025-11-06 21:23:07,959 ERROR Exception on / [GET]
Traceback (most recent call last):
  File "C:\Users\user\AppData\Roaming\Python\Python314\site-packages\flask\app.py", line 1511, in wsgi_app
    response = self.full_dispatch_request()
  File "C:\Users\user\AppData\Roaming\Python\Python314\site-packages\flask\app.py", line 919, in full_dispatch_request
    rv = self.handle_user_exception(e)
  File "C:\Users\user\AppData\Roaming\Python\Python314\site-packages\flask\app.py", line 917, in full_dispatch_request
    rv = self.dispatch_request()
  File "C:\Users\user\AppData\Roaming\Python\Python314\site-packages\flask\app.py", line 902, in dispatch_request
    return self.ensure_sync(self.view_functions[rule.endpoint])(**view_args)  # type: ignore[no-any-return]
           ~~~~~~~~~~~~~~~~~~~~~~~~~~~~~~~~~~~~~~~~~~~~~~~~~~~~^^^^^^^^^^^^^
  File "c:\Users\user\Documents\Alphonce_Training\03-Advanced\02-Python\api_db.py", line 127, in dashboard
    return render_template("contacts.html", rows=rows)
  File "C:\Users\user\AppData\Roaming\Python\Python314\site-packages\flask\templating.py", line 150, in render_template
    return _render(app, template, context)
  File "C:\Users\user\AppData\Roaming\Python\Python314\site-packages\flask\templating.py", line 131, in _render
    rv = template.render(context)
  File "C:\Users\user\AppData\Roaming\Python\Python314\site-packages\jinja2\environment.py", line 1295, in render
    self.environment.handle_exception()
    ~~~~~~~~~~~~~~~~~~~~~~~~~~~~~~~~~^^
  File "C:\Users\user\AppData\Roaming\Python\Python314\site-packages\jinja2\environment.py", line 942, in handle_exception
    raise rewrite_traceback_stack(source=source)
  File "c:\Users\user\Documents\Alphonce_Training\03-Advanced\02-Python\templates\contacts.html", line 7, in top-level template code
    {% for r in rows %}
    ^^^^^^^^^^^^^
TypeError: 'builtin_function_or_method' object is not iterable
2025-11-06 21:23:07,962 INFO 127.0.0.1 - - [06/Nov/2025 21:23:07] "[35m[1mGET / HTTP/1.1[0m" 500 -
2025-11-06 21:23:19,473 ERROR Exception on / [GET]
Traceback (most recent call last):
  File "C:\Users\user\AppData\Roaming\Python\Python314\site-packages\flask\app.py", line 1511, in wsgi_app
    response = self.full_dispatch_request()
  File "C:\Users\user\AppData\Roaming\Python\Python314\site-packages\flask\app.py", line 919, in full_dispatch_request
    rv = self.handle_user_exception(e)
  File "C:\Users\user\AppData\Roaming\Python\Python314\site-packages\flask\app.py", line 917, in full_dispatch_request
    rv = self.dispatch_request()
  File "C:\Users\user\AppData\Roaming\Python\Python314\site-packages\flask\app.py", line 902, in dispatch_request
    return self.ensure_sync(self.view_functions[rule.endpoint])(**view_args)  # type: ignore[no-any-return]
           ~~~~~~~~~~~~~~~~~~~~~~~~~~~~~~~~~~~~~~~~~~~~~~~~~~~~^^^^^^^^^^^^^
  File "c:\Users\user\Documents\Alphonce_Training\03-Advanced\02-Python\api_db.py", line 127, in dashboard
    return render_template("contacts.html", rows=rows)
  File "C:\Users\user\AppData\Roaming\Python\Python314\site-packages\flask\templating.py", line 150, in render_template
    return _render(app, template, context)
  File "C:\Users\user\AppData\Roaming\Python\Python314\site-packages\flask\templating.py", line 131, in _render
    rv = template.render(context)
  File "C:\Users\user\AppData\Roaming\Python\Python314\site-packages\jinja2\environment.py", line 1295, in render
    self.environment.handle_exception()
    ~~~~~~~~~~~~~~~~~~~~~~~~~~~~~~~~~^^
  File "C:\Users\user\AppData\Roaming\Python\Python314\site-packages\jinja2\environment.py", line 942, in handle_exception
    raise rewrite_traceback_stack(source=source)
  File "c:\Users\user\Documents\Alphonce_Training\03-Advanced\02-Python\templates\contacts.html", line 7, in top-level template code
    {% for r in rows %}
    ^^^^^^^^^^^^^
TypeError: 'builtin_function_or_method' object is not iterable
2025-11-06 21:23:19,477 INFO 127.0.0.1 - - [06/Nov/2025 21:23:19] "[35m[1mGET / HTTP/1.1[0m" 500 -
2025-11-06 21:35:02,669 INFO API starting
2025-11-06 21:35:02,670 INFO API starting
2025-11-06 21:35:02,696 INFO [31m[1mWARNING: This is a development server. Do not use it in a production deployment. Use a production WSGI server instead.[0m
 * Running on http://127.0.0.1:5000
2025-11-06 21:35:02,696 INFO [33mPress CTRL+C to quit[0m
2025-11-06 21:36:53,710 ERROR Exception on / [GET]
Traceback (most recent call last):
  File "C:\Users\user\AppData\Roaming\Python\Python314\site-packages\flask\app.py", line 1511, in wsgi_app
    response = self.full_dispatch_request()
  File "C:\Users\user\AppData\Roaming\Python\Python314\site-packages\flask\app.py", line 919, in full_dispatch_request
    rv = self.handle_user_exception(e)
  File "C:\Users\user\AppData\Roaming\Python\Python314\site-packages\flask\app.py", line 917, in full_dispatch_request
    rv = self.dispatch_request()
  File "C:\Users\user\AppData\Roaming\Python\Python314\site-packages\flask\app.py", line 902, in dispatch_request
    return self.ensure_sync(self.view_functions[rule.endpoint])(**view_args)  # type: ignore[no-any-return]
           ~~~~~~~~~~~~~~~~~~~~~~~~~~~~~~~~~~~~~~~~~~~~~~~~~~~~^^^^^^^^^^^^^
  File "C:\Users\user\Documents\Alphonce_Training\03-Advanced\02-Python\api_db.py", line 127, in dashboard
    return render_template("contacts.html", rows=rows)
  File "C:\Users\user\AppData\Roaming\Python\Python314\site-packages\flask\templating.py", line 150, in render_template
    return _render(app, template, context)
  File "C:\Users\user\AppData\Roaming\Python\Python314\site-packages\flask\templating.py", line 131, in _render
    rv = template.render(context)
  File "C:\Users\user\AppData\Roaming\Python\Python314\site-packages\jinja2\environment.py", line 1295, in render
    self.environment.handle_exception()
    ~~~~~~~~~~~~~~~~~~~~~~~~~~~~~~~~~^^
  File "C:\Users\user\AppData\Roaming\Python\Python314\site-packages\jinja2\environment.py", line 942, in handle_exception
    raise rewrite_traceback_stack(source=source)
  File "C:\Users\user\Documents\Alphonce_Training\03-Advanced\02-Python\templates\contacts.html", line 7, in top-level template code
    {% for r in rows %}
    ^^^^^^^^^^^^^
TypeError: 'builtin_function_or_method' object is not iterable
2025-11-06 21:36:53,724 INFO 127.0.0.1 - - [06/Nov/2025 21:36:53] "[35m[1mGET / HTTP/1.1[0m" 500 -
2025-11-06 21:36:56,201 ERROR Exception on / [GET]
Traceback (most recent call last):
  File "C:\Users\user\AppData\Roaming\Python\Python314\site-packages\flask\app.py", line 1511, in wsgi_app
    response = self.full_dispatch_request()
  File "C:\Users\user\AppData\Roaming\Python\Python314\site-packages\flask\app.py", line 919, in full_dispatch_request
    rv = self.handle_user_exception(e)
  File "C:\Users\user\AppData\Roaming\Python\Python314\site-packages\flask\app.py", line 917, in full_dispatch_request
    rv = self.dispatch_request()
  File "C:\Users\user\AppData\Roaming\Python\Python314\site-packages\flask\app.py", line 902, in dispatch_request
    return self.ensure_sync(self.view_functions[rule.endpoint])(**view_args)  # type: ignore[no-any-return]
           ~~~~~~~~~~~~~~~~~~~~~~~~~~~~~~~~~~~~~~~~~~~~~~~~~~~~^^^^^^^^^^^^^
  File "C:\Users\user\Documents\Alphonce_Training\03-Advanced\02-Python\api_db.py", line 127, in dashboard
    return render_template("contacts.html", rows=rows)
  File "C:\Users\user\AppData\Roaming\Python\Python314\site-packages\flask\templating.py", line 150, in render_template
    return _render(app, template, context)
  File "C:\Users\user\AppData\Roaming\Python\Python314\site-packages\flask\templating.py", line 131, in _render
    rv = template.render(context)
  File "C:\Users\user\AppData\Roaming\Python\Python314\site-packages\jinja2\environment.py", line 1295, in render
    self.environment.handle_exception()
    ~~~~~~~~~~~~~~~~~~~~~~~~~~~~~~~~~^^
  File "C:\Users\user\AppData\Roaming\Python\Python314\site-packages\jinja2\environment.py", line 942, in handle_exception
    raise rewrite_traceback_stack(source=source)
  File "C:\Users\user\Documents\Alphonce_Training\03-Advanced\02-Python\templates\contacts.html", line 7, in top-level template code
    {% for r in rows %}
    ^^^^^^^^^^^^^
TypeError: 'builtin_function_or_method' object is not iterable
2025-11-06 21:36:56,205 INFO 127.0.0.1 - - [06/Nov/2025 21:36:56] "[35m[1mGET / HTTP/1.1[0m" 500 -
2025-11-06 21:36:57,231 ERROR Exception on / [GET]
Traceback (most recent call last):
  File "C:\Users\user\AppData\Roaming\Python\Python314\site-packages\flask\app.py", line 1511, in wsgi_app
    response = self.full_dispatch_request()
  File "C:\Users\user\AppData\Roaming\Python\Python314\site-packages\flask\app.py", line 919, in full_dispatch_request
    rv = self.handle_user_exception(e)
  File "C:\Users\user\AppData\Roaming\Python\Python314\site-packages\flask\app.py", line 917, in full_dispatch_request
    rv = self.dispatch_request()
  File "C:\Users\user\AppData\Roaming\Python\Python314\site-packages\flask\app.py", line 902, in dispatch_request
    return self.ensure_sync(self.view_functions[rule.endpoint])(**view_args)  # type: ignore[no-any-return]
           ~~~~~~~~~~~~~~~~~~~~~~~~~~~~~~~~~~~~~~~~~~~~~~~~~~~~^^^^^^^^^^^^^
  File "C:\Users\user\Documents\Alphonce_Training\03-Advanced\02-Python\api_db.py", line 127, in dashboard
    return render_template("contacts.html", rows=rows)
  File "C:\Users\user\AppData\Roaming\Python\Python314\site-packages\flask\templating.py", line 150, in render_template
    return _render(app, template, context)
  File "C:\Users\user\AppData\Roaming\Python\Python314\site-packages\flask\templating.py", line 131, in _render
    rv = template.render(context)
  File "C:\Users\user\AppData\Roaming\Python\Python314\site-packages\jinja2\environment.py", line 1295, in render
    self.environment.handle_exception()
    ~~~~~~~~~~~~~~~~~~~~~~~~~~~~~~~~~^^
  File "C:\Users\user\AppData\Roaming\Python\Python314\site-packages\jinja2\environment.py", line 942, in handle_exception
    raise rewrite_traceback_stack(source=source)
  File "C:\Users\user\Documents\Alphonce_Training\03-Advanced\02-Python\templates\contacts.html", line 7, in top-level template code
    {% for r in rows %}
    ^^^^^^^^^^^^^
TypeError: 'builtin_function_or_method' object is not iterable
2025-11-06 21:36:57,245 INFO 127.0.0.1 - - [06/Nov/2025 21:36:57] "[35m[1mGET / HTTP/1.1[0m" 500 -
2025-11-06 21:36:57,858 ERROR Exception on / [GET]
Traceback (most recent call last):
  File "C:\Users\user\AppData\Roaming\Python\Python314\site-packages\flask\app.py", line 1511, in wsgi_app
    response = self.full_dispatch_request()
  File "C:\Users\user\AppData\Roaming\Python\Python314\site-packages\flask\app.py", line 919, in full_dispatch_request
    rv = self.handle_user_exception(e)
  File "C:\Users\user\AppData\Roaming\Python\Python314\site-packages\flask\app.py", line 917, in full_dispatch_request
    rv = self.dispatch_request()
  File "C:\Users\user\AppData\Roaming\Python\Python314\site-packages\flask\app.py", line 902, in dispatch_request
    return self.ensure_sync(self.view_functions[rule.endpoint])(**view_args)  # type: ignore[no-any-return]
           ~~~~~~~~~~~~~~~~~~~~~~~~~~~~~~~~~~~~~~~~~~~~~~~~~~~~^^^^^^^^^^^^^
  File "C:\Users\user\Documents\Alphonce_Training\03-Advanced\02-Python\api_db.py", line 127, in dashboard
    return render_template("contacts.html", rows=rows)
  File "C:\Users\user\AppData\Roaming\Python\Python314\site-packages\flask\templating.py", line 150, in render_template
    return _render(app, template, context)
  File "C:\Users\user\AppData\Roaming\Python\Python314\site-packages\flask\templating.py", line 131, in _render
    rv = template.render(context)
  File "C:\Users\user\AppData\Roaming\Python\Python314\site-packages\jinja2\environment.py", line 1295, in render
    self.environment.handle_exception()
    ~~~~~~~~~~~~~~~~~~~~~~~~~~~~~~~~~^^
  File "C:\Users\user\AppData\Roaming\Python\Python314\site-packages\jinja2\environment.py", line 942, in handle_exception
    raise rewrite_traceback_stack(source=source)
  File "C:\Users\user\Documents\Alphonce_Training\03-Advanced\02-Python\templates\contacts.html", line 7, in top-level template code
    {% for r in rows %}
    ^^^^^^^^^^^^^
TypeError: 'builtin_function_or_method' object is not iterable
2025-11-06 21:36:57,868 INFO 127.0.0.1 - - [06/Nov/2025 21:36:57] "[35m[1mGET / HTTP/1.1[0m" 500 -
2025-11-06 21:36:58,524 ERROR Exception on / [GET]
Traceback (most recent call last):
  File "C:\Users\user\AppData\Roaming\Python\Python314\site-packages\flask\app.py", line 1511, in wsgi_app
    response = self.full_dispatch_request()
  File "C:\Users\user\AppData\Roaming\Python\Python314\site-packages\flask\app.py", line 919, in full_dispatch_request
    rv = self.handle_user_exception(e)
  File "C:\Users\user\AppData\Roaming\Python\Python314\site-packages\flask\app.py", line 917, in full_dispatch_request
    rv = self.dispatch_request()
  File "C:\Users\user\AppData\Roaming\Python\Python314\site-packages\flask\app.py", line 902, in dispatch_request
    return self.ensure_sync(self.view_functions[rule.endpoint])(**view_args)  # type: ignore[no-any-return]
           ~~~~~~~~~~~~~~~~~~~~~~~~~~~~~~~~~~~~~~~~~~~~~~~~~~~~^^^^^^^^^^^^^
  File "C:\Users\user\Documents\Alphonce_Training\03-Advanced\02-Python\api_db.py", line 127, in dashboard
    return render_template("contacts.html", rows=rows)
  File "C:\Users\user\AppData\Roaming\Python\Python314\site-packages\flask\templating.py", line 150, in render_template
    return _render(app, template, context)
  File "C:\Users\user\AppData\Roaming\Python\Python314\site-packages\flask\templating.py", line 131, in _render
    rv = template.render(context)
  File "C:\Users\user\AppData\Roaming\Python\Python314\site-packages\jinja2\environment.py", line 1295, in render
    self.environment.handle_exception()
    ~~~~~~~~~~~~~~~~~~~~~~~~~~~~~~~~~^^
  File "C:\Users\user\AppData\Roaming\Python\Python314\site-packages\jinja2\environment.py", line 942, in handle_exception
    raise rewrite_traceback_stack(source=source)
  File "C:\Users\user\Documents\Alphonce_Training\03-Advanced\02-Python\templates\contacts.html", line 7, in top-level template code
    {% for r in rows %}
    ^^^^^^^^^^^^^
TypeError: 'builtin_function_or_method' object is not iterable
2025-11-06 21:36:58,528 INFO 127.0.0.1 - - [06/Nov/2025 21:36:58] "[35m[1mGET / HTTP/1.1[0m" 500 -
2025-11-06 21:36:59,168 ERROR Exception on / [GET]
Traceback (most recent call last):
  File "C:\Users\user\AppData\Roaming\Python\Python314\site-packages\flask\app.py", line 1511, in wsgi_app
    response = self.full_dispatch_request()
  File "C:\Users\user\AppData\Roaming\Python\Python314\site-packages\flask\app.py", line 919, in full_dispatch_request
    rv = self.handle_user_exception(e)
  File "C:\Users\user\AppData\Roaming\Python\Python314\site-packages\flask\app.py", line 917, in full_dispatch_request
    rv = self.dispatch_request()
  File "C:\Users\user\AppData\Roaming\Python\Python314\site-packages\flask\app.py", line 902, in dispatch_request
    return self.ensure_sync(self.view_functions[rule.endpoint])(**view_args)  # type: ignore[no-any-return]
           ~~~~~~~~~~~~~~~~~~~~~~~~~~~~~~~~~~~~~~~~~~~~~~~~~~~~^^^^^^^^^^^^^
  File "C:\Users\user\Documents\Alphonce_Training\03-Advanced\02-Python\api_db.py", line 127, in dashboard
    return render_template("contacts.html", rows=rows)
  File "C:\Users\user\AppData\Roaming\Python\Python314\site-packages\flask\templating.py", line 150, in render_template
    return _render(app, template, context)
  File "C:\Users\user\AppData\Roaming\Python\Python314\site-packages\flask\templating.py", line 131, in _render
    rv = template.render(context)
  File "C:\Users\user\AppData\Roaming\Python\Python314\site-packages\jinja2\environment.py", line 1295, in render
    self.environment.handle_exception()
    ~~~~~~~~~~~~~~~~~~~~~~~~~~~~~~~~~^^
  File "C:\Users\user\AppData\Roaming\Python\Python314\site-packages\jinja2\environment.py", line 942, in handle_exception
    raise rewrite_traceback_stack(source=source)
  File "C:\Users\user\Documents\Alphonce_Training\03-Advanced\02-Python\templates\contacts.html", line 7, in top-level template code
    {% for r in rows %}
    ^^^^^^^^^^^^^
TypeError: 'builtin_function_or_method' object is not iterable
2025-11-06 21:36:59,173 INFO 127.0.0.1 - - [06/Nov/2025 21:36:59] "[35m[1mGET / HTTP/1.1[0m" 500 -
2025-11-06 21:51:42,906 INFO API starting
2025-11-06 21:51:42,906 INFO API starting
2025-11-06 21:51:42,935 INFO [31m[1mWARNING: This is a development server. Do not use it in a production deployment. Use a production WSGI server instead.[0m
 * Running on http://127.0.0.1:5000
2025-11-06 21:51:42,935 INFO [33mPress CTRL+C to quit[0m
2025-11-06 21:52:03,084 ERROR Exception on / [GET]
Traceback (most recent call last):
  File "C:\Users\user\AppData\Roaming\Python\Python314\site-packages\flask\app.py", line 1511, in wsgi_app
    response = self.full_dispatch_request()
  File "C:\Users\user\AppData\Roaming\Python\Python314\site-packages\flask\app.py", line 919, in full_dispatch_request
    rv = self.handle_user_exception(e)
  File "C:\Users\user\AppData\Roaming\Python\Python314\site-packages\flask\app.py", line 917, in full_dispatch_request
    rv = self.dispatch_request()
  File "C:\Users\user\AppData\Roaming\Python\Python314\site-packages\flask\app.py", line 902, in dispatch_request
    return self.ensure_sync(self.view_functions[rule.endpoint])(**view_args)  # type: ignore[no-any-return]
           ~~~~~~~~~~~~~~~~~~~~~~~~~~~~~~~~~~~~~~~~~~~~~~~~~~~~^^^^^^^^^^^^^
  File "C:\Users\user\Documents\Alphonce_Training\03-Advanced\02-Python\api_db.py", line 127, in dashboard
    rows = cur.fetchall()
  File "C:\Users\user\AppData\Roaming\Python\Python314\site-packages\flask\templating.py", line 150, in render_template
    return _render(app, template, context)
  File "C:\Users\user\AppData\Roaming\Python\Python314\site-packages\flask\templating.py", line 131, in _render
    rv = template.render(context)
  File "C:\Users\user\AppData\Roaming\Python\Python314\site-packages\jinja2\environment.py", line 1295, in render
    self.environment.handle_exception()
    ~~~~~~~~~~~~~~~~~~~~~~~~~~~~~~~~~^^
  File "C:\Users\user\AppData\Roaming\Python\Python314\site-packages\jinja2\environment.py", line 942, in handle_exception
    raise rewrite_traceback_stack(source=source)
  File "C:\Users\user\Documents\Alphonce_Training\03-Advanced\02-Python\templates\contacts.html", line 7, in top-level template code
    {% for r in rows %}
    ^^^^^^^^^^^^^
TypeError: 'builtin_function_or_method' object is not iterable
2025-11-06 21:52:03,096 INFO 127.0.0.1 - - [06/Nov/2025 21:52:03] "[35m[1mGET / HTTP/1.1[0m" 500 -
2025-11-06 21:52:08,624 ERROR Exception on / [GET]
Traceback (most recent call last):
  File "C:\Users\user\AppData\Roaming\Python\Python314\site-packages\flask\app.py", line 1511, in wsgi_app
    response = self.full_dispatch_request()
  File "C:\Users\user\AppData\Roaming\Python\Python314\site-packages\flask\app.py", line 919, in full_dispatch_request
    rv = self.handle_user_exception(e)
  File "C:\Users\user\AppData\Roaming\Python\Python314\site-packages\flask\app.py", line 917, in full_dispatch_request
    rv = self.dispatch_request()
  File "C:\Users\user\AppData\Roaming\Python\Python314\site-packages\flask\app.py", line 902, in dispatch_request
    return self.ensure_sync(self.view_functions[rule.endpoint])(**view_args)  # type: ignore[no-any-return]
           ~~~~~~~~~~~~~~~~~~~~~~~~~~~~~~~~~~~~~~~~~~~~~~~~~~~~^^^^^^^^^^^^^
  File "C:\Users\user\Documents\Alphonce_Training\03-Advanced\02-Python\api_db.py", line 127, in dashboard
    rows = cur.fetchall()
  File "C:\Users\user\AppData\Roaming\Python\Python314\site-packages\flask\templating.py", line 150, in render_template
    return _render(app, template, context)
  File "C:\Users\user\AppData\Roaming\Python\Python314\site-packages\flask\templating.py", line 131, in _render
    rv = template.render(context)
  File "C:\Users\user\AppData\Roaming\Python\Python314\site-packages\jinja2\environment.py", line 1295, in render
    self.environment.handle_exception()
    ~~~~~~~~~~~~~~~~~~~~~~~~~~~~~~~~~^^
  File "C:\Users\user\AppData\Roaming\Python\Python314\site-packages\jinja2\environment.py", line 942, in handle_exception
    raise rewrite_traceback_stack(source=source)
  File "C:\Users\user\Documents\Alphonce_Training\03-Advanced\02-Python\templates\contacts.html", line 7, in top-level template code
    {% for r in rows %}
    ^^^^^^^^^^^^^
TypeError: 'builtin_function_or_method' object is not iterable
2025-11-06 21:52:08,628 INFO 127.0.0.1 - - [06/Nov/2025 21:52:08] "[35m[1mGET / HTTP/1.1[0m" 500 -
2025-11-06 21:52:09,714 ERROR Exception on / [GET]
Traceback (most recent call last):
  File "C:\Users\user\AppData\Roaming\Python\Python314\site-packages\flask\app.py", line 1511, in wsgi_app
    response = self.full_dispatch_request()
  File "C:\Users\user\AppData\Roaming\Python\Python314\site-packages\flask\app.py", line 919, in full_dispatch_request
    rv = self.handle_user_exception(e)
  File "C:\Users\user\AppData\Roaming\Python\Python314\site-packages\flask\app.py", line 917, in full_dispatch_request
    rv = self.dispatch_request()
  File "C:\Users\user\AppData\Roaming\Python\Python314\site-packages\flask\app.py", line 902, in dispatch_request
    return self.ensure_sync(self.view_functions[rule.endpoint])(**view_args)  # type: ignore[no-any-return]
           ~~~~~~~~~~~~~~~~~~~~~~~~~~~~~~~~~~~~~~~~~~~~~~~~~~~~^^^^^^^^^^^^^
  File "C:\Users\user\Documents\Alphonce_Training\03-Advanced\02-Python\api_db.py", line 127, in dashboard
    rows = cur.fetchall()
  File "C:\Users\user\AppData\Roaming\Python\Python314\site-packages\flask\templating.py", line 150, in render_template
    return _render(app, template, context)
  File "C:\Users\user\AppData\Roaming\Python\Python314\site-packages\flask\templating.py", line 131, in _render
    rv = template.render(context)
  File "C:\Users\user\AppData\Roaming\Python\Python314\site-packages\jinja2\environment.py", line 1295, in render
    self.environment.handle_exception()
    ~~~~~~~~~~~~~~~~~~~~~~~~~~~~~~~~~^^
  File "C:\Users\user\AppData\Roaming\Python\Python314\site-packages\jinja2\environment.py", line 942, in handle_exception
    raise rewrite_traceback_stack(source=source)
  File "C:\Users\user\Documents\Alphonce_Training\03-Advanced\02-Python\templates\contacts.html", line 7, in top-level template code
    {% for r in rows %}
    ^^^^^^^^^^^^^
TypeError: 'builtin_function_or_method' object is not iterable
2025-11-06 21:52:09,719 INFO 127.0.0.1 - - [06/Nov/2025 21:52:09] "[35m[1mGET / HTTP/1.1[0m" 500 -
2025-11-07 14:37:28,029 INFO API starting
2025-11-07 14:37:28,049 INFO [31m[1mWARNING: This is a development server. Do not use it in a production deployment. Use a production WSGI server instead.[0m
 * Running on http://127.0.0.1:5000
2025-11-07 14:37:28,049 INFO [33mPress CTRL+C to quit[0m
2025-11-07 14:38:01,118 INFO 127.0.0.1 - - [07/Nov/2025 14:38:01] "GET / HTTP/1.1" 200 -
2025-11-07 14:38:01,200 INFO 127.0.0.1 - - [07/Nov/2025 14:38:01] "[33mGET /favicon.ico HTTP/1.1[0m" 404 -
2025-11-07 14:40:24,604 INFO API starting
2025-11-07 14:40:24,642 INFO [31m[1mWARNING: This is a development server. Do not use it in a production deployment. Use a production WSGI server instead.[0m
 * Running on http://127.0.0.1:5000
2025-11-07 14:40:24,642 INFO [33mPress CTRL+C to quit[0m
2025-11-07 14:40:41,702 INFO 127.0.0.1 - - [07/Nov/2025 14:40:41] "GET / HTTP/1.1" 200 -
2025-11-07 14:45:24,852 INFO 127.0.0.1 - - [07/Nov/2025 14:45:24] "[35m[1mPOST /contacts HTTP/1.1[0m" 201 -
2025-11-07 14:45:33,158 INFO 127.0.0.1 - - [07/Nov/2025 14:45:33] "GET / HTTP/1.1" 200 -
2025-11-07 15:34:27,474 INFO 127.0.0.1 - - [07/Nov/2025 15:34:27] "GET / HTTP/1.1" 200 -
2025-11-09 06:57:50,646 - INFO - Starting API server...
2025-11-09 06:57:50,668 - INFO - [31m[1mWARNING: This is a development server. Do not use it in a production deployment. Use a production WSGI server instead.[0m
 * Running on http://127.0.0.1:5000
2025-11-09 06:57:50,668 - INFO - [33mPress CTRL+C to quit[0m
2025-11-09 06:58:01,712 - INFO - 127.0.0.1 - - [09/Nov/2025 06:58:01] "GET / HTTP/1.1" 200 -
